<?xml version="1.0" encoding="UTF-8"?>
<!-- Generated by org.testng.reporters.JUnitReportReporter -->
<testsuite hostname="DESKTOP-5PF1RA8" failures="0" tests="1" name="Project.E2ESeleniumFramework.SauceLabsTest" time="16.527" errors="0" timestamp="26 Jul 2021 07:01:34 GMT" skipped="0">
  <testcase classname="Project.E2ESeleniumFramework.SauceLabsTest" name="saucetest" time="16.527"/>
</testsuite> <!-- Project.E2ESeleniumFramework.SauceLabsTest -->
