<?xml version="1.0" encoding="UTF-8"?>
<!-- Generated by org.testng.reporters.JUnitReportReporter -->
<testsuite hostname="DESKTOP-5PF1RA8" failures="0" tests="1" name="Project.E2ESeleniumFramework.SauceLabsTest" time="13.576" errors="0" timestamp="29 Jul 2020 12:44:46 GMT" skipped="0">
  <testcase classname="Project.E2ESeleniumFramework.SauceLabsTest" name="saucetest" time="13.576"/>
</testsuite> <!-- Project.E2ESeleniumFramework.SauceLabsTest -->
