<?xml version="1.0" encoding="UTF-8"?>
<!-- Generated by org.testng.reporters.JUnitReportReporter -->
<testsuite hostname="DESKTOP-5PF1RA8" failures="0" tests="1" name="Project.E2ESeleniumFramework.Validatenavbar" time="31.267" errors="0" timestamp="06 Aug 2020 08:12:34 GMT" skipped="0">
  <testcase classname="Project.E2ESeleniumFramework.Validatenavbar" name="validatenavbar" time="31.267"/>
</testsuite> <!-- Project.E2ESeleniumFramework.Validatenavbar -->
